<?xml version="1.0" encoding="UTF-8"?>
<!-- Generated by org.testng.reporters.JUnitReportReporter -->
<testsuite skipped="0" hostname="LAPTOP-694B18CU" name="com.Assignment1testCases.TC_LoginTest_Saving_001" tests="1" failures="0" timestamp="17 Nov 2022 13:45:31 GMT" time="8.501" errors="0">
  <testcase name="loginTestSaving" time="8.501" classname="com.Assignment1testCases.TC_LoginTest_Saving_001"/>
</testsuite> <!-- com.Assignment1testCases.TC_LoginTest_Saving_001 -->
