<?xml version="1.0" encoding="UTF-8"?>
<!-- Generated by org.testng.reporters.JUnitReportReporter -->
<testsuite skipped="0" hostname="LAPTOP-694B18CU" name="com.Assignment1testCases.TC_LoginTest_001" tests="1" failures="0" timestamp="17 Nov 2022 11:58:43 GMT" time="2.479" errors="0">
  <testcase name="loginTestSaving" time="2.479" classname="com.Assignment1testCases.TC_LoginTest_001"/>
</testsuite> <!-- com.Assignment1testCases.TC_LoginTest_001 -->
